<?xml version="1.0" encoding="UTF-8"?>
<!-- Generated by org.testng.reporters.JUnitReportReporter -->
<testsuite hostname="DESKTOP-09FF6EP" failures="0" tests="4" name="test.Logintest" time="14.550" errors="0" timestamp="2025-09-24T18:05:53 IST" skipped="0">
  <testcase classname="test.Logintest" name="verifylogintestvalidcredentials" time="3.695"/>
  <testcase classname="test.Logintest" name="verifytestcredentialsusinginvalidusername" time="4.225"/>
  <testcase classname="test.Logintest" name="verifytestcredentialsusinginvalidpassword" time="3.393"/>
  <testcase classname="test.Logintest" name="verifytestusinginvalidcredentials" time="3.237"/>
</testsuite> <!-- test.Logintest -->
