<?xml version="1.0" encoding="UTF-8"?>
<!-- Generated by org.testng.reporters.JUnitReportReporter -->
<testsuite hostname="DESKTOP-09FF6EP" failures="0" tests="2" name="test.Adminuserstest" time="13.443" errors="0" timestamp="2025-09-24T18:05:53 IST" skipped="0">
  <testcase classname="test.Adminuserstest" name="verifyiftheuserisabletosearchfornewuser" time="6.639"/>
  <testcase classname="test.Adminuserstest" name="verifyiftheuserisabletoaddnewuser" time="6.804"/>
</testsuite> <!-- test.Adminuserstest -->
