<?xml version="1.0" encoding="UTF-8"?>
<!-- Generated by org.testng.reporters.JUnitReportReporter -->
<testsuite hostname="DESKTOP-09FF6EP" failures="0" tests="3" name="test.ManageNewsTest" time="14.497" errors="0" timestamp="2025-09-24T18:05:53 IST" skipped="0">
  <testcase classname="test.ManageNewsTest" name="verifySearchForNewNewsTitle" time="4.624"/>
  <testcase classname="test.ManageNewsTest" name="verifyWhetherUserIsAbleToAddNewNewsTitle" time="5.467"/>
  <testcase classname="test.ManageNewsTest" name="verifyResetButtonFunctionality" time="4.406"/>
</testsuite> <!-- test.ManageNewsTest -->
