<?xml version="1.0" encoding="UTF-8"?>
<!-- Generated by org.testng.reporters.JUnitReportReporter -->
<testsuite hostname="DESKTOP-09FF6EP" failures="0" tests="1" name="test.Hometest" time="4.409" errors="0" timestamp="2025-09-24T18:08:02 IST" skipped="0">
  <testcase classname="test.Hometest" name="Verifyusercansuccessfullylogout" time="4.409"/>
</testsuite> <!-- test.Hometest -->
