<?xml version="1.0" encoding="UTF-8"?>
<!-- Generated by org.testng.reporters.JUnitReportReporter -->
<testsuite hostname="DESKTOP-09FF6EP" failures="0" tests="3" name="test.Adminuserstest" time="22.372" errors="0" timestamp="2025-09-24T18:08:02 IST" skipped="1">
  <testcase classname="test.Adminuserstest" name="verifyiftheuserisabletosearchfornewuser" time="7.364"/>
  <testcase classname="test.Adminuserstest" name="verifyiftheuserisabletoaddnewuser" time="6.964">
    <skipped/>
  </testcase> <!-- verifyiftheuserisabletoaddnewuser -->
  <testcase classname="test.Adminuserstest" name="verifyiftheuserisabletoaddnewuser" time="8.044"/>
</testsuite> <!-- test.Adminuserstest -->
