<?xml version="1.0" encoding="UTF-8"?>
<!-- Generated by org.testng.reporters.JUnitReportReporter -->
<testsuite hostname="DESKTOP-09FF6EP" failures="0" tests="4" name="test.Logintest" time="13.733" errors="0" timestamp="2025-09-24T18:08:02 IST" skipped="0">
  <testcase classname="test.Logintest" name="verifylogintestvalidcredentials" time="3.735"/>
  <testcase classname="test.Logintest" name="verifytestcredentialsusinginvalidusername" time="3.007"/>
  <testcase classname="test.Logintest" name="verifytestcredentialsusinginvalidpassword" time="3.828"/>
  <testcase classname="test.Logintest" name="verifytestusinginvalidcredentials" time="3.163"/>
</testsuite> <!-- test.Logintest -->
