<?xml version="1.0" encoding="UTF-8"?>
<!-- Generated by org.testng.reporters.JUnitReportReporter -->
<testsuite hostname="DESKTOP-09FF6EP" failures="0" tests="3" name="test.ManageNewsTest" time="15.862" errors="0" timestamp="2025-09-24T18:08:02 IST" skipped="0">
  <testcase classname="test.ManageNewsTest" name="verifySearchForNewNewsTitle" time="4.877"/>
  <testcase classname="test.ManageNewsTest" name="verifyWhetherUserIsAbleToAddNewNewsTitle" time="5.811"/>
  <testcase classname="test.ManageNewsTest" name="verifyResetButtonFunctionality" time="5.174"/>
</testsuite> <!-- test.ManageNewsTest -->
